<?xml version="1.0" encoding="UTF-8"?>
<testng-results ignored="0" total="9" passed="9" failed="0" skipped="0">
  <reporter-output>
  </reporter-output>
  <suite started-at="2018-08-15T11:56:56Z" name="Suite" finished-at="2018-08-15T11:57:50Z" duration-ms="53443">
    <groups>
    </groups>
    <test started-at="2018-08-15T11:56:56Z" name="ChromeTest" finished-at="2018-08-15T11:57:25Z" duration-ms="28391">
      <class name="QAInfo.TaTocAdvance.tatoc">
        <test-method is-config="true" signature="initializeCourse(java.lang.String)[pri:0, instance:QAInfo.TaTocAdvance.tatoc@15bb5034]" started-at="2018-08-15T11:56:56Z" name="initializeCourse" finished-at="2018-08-15T11:57:14Z" duration-ms="17975" status="PASS">
          <params>
            <param index="0">
              <value>
                <![CDATA[chrome]]>
              </value>
            </param>
          </params>
          <reporter-output>
          </reporter-output>
        </test-method> <!-- initializeCourse -->
        <test-method signature="hoverMenu()[pri:1, instance:QAInfo.TaTocAdvance.tatoc@15bb5034]" started-at="2018-08-15T11:57:14Z" name="hoverMenu" finished-at="2018-08-15T11:57:16Z" duration-ms="1036" status="PASS">
          <reporter-output>
          </reporter-output>
        </test-method> <!-- hoverMenu -->
        <test-method signature="connectToDB()[pri:2, instance:QAInfo.TaTocAdvance.tatoc@15bb5034]" started-at="2018-08-15T11:57:16Z" name="connectToDB" finished-at="2018-08-15T11:57:22Z" duration-ms="6698" status="PASS">
          <reporter-output>
          </reporter-output>
        </test-method> <!-- connectToDB -->
        <test-method signature="videoPlayer()[pri:3, instance:QAInfo.TaTocAdvance.tatoc@15bb5034]" started-at="2018-08-15T11:57:22Z" name="videoPlayer" finished-at="2018-08-15T11:57:22Z" duration-ms="1" status="PASS">
          <reporter-output>
          </reporter-output>
        </test-method> <!-- videoPlayer -->
        <test-method is-config="true" signature="closeDriver()[pri:0, instance:QAInfo.TaTocAdvance.tatoc@15bb5034]" started-at="2018-08-15T11:57:22Z" name="closeDriver" finished-at="2018-08-15T11:57:25Z" duration-ms="2660" status="PASS">
          <reporter-output>
          </reporter-output>
        </test-method> <!-- closeDriver -->
      </class> <!-- QAInfo.TaTocAdvance.tatoc -->
    </test> <!-- ChromeTest -->
    <test started-at="2018-08-15T11:56:56Z" name="IeTest" finished-at="2018-08-15T11:57:46Z" duration-ms="49689">
      <class name="QAInfo.TaTocAdvance.tatoc">
        <test-method is-config="true" signature="initializeCourse(java.lang.String)[pri:0, instance:QAInfo.TaTocAdvance.tatoc@69e153c5]" started-at="2018-08-15T11:56:56Z" name="initializeCourse" finished-at="2018-08-15T11:57:06Z" duration-ms="9088" status="PASS">
          <params>
            <param index="0">
              <value>
                <![CDATA[ie]]>
              </value>
            </param>
          </params>
          <reporter-output>
          </reporter-output>
        </test-method> <!-- initializeCourse -->
        <test-method signature="hoverMenu()[pri:1, instance:QAInfo.TaTocAdvance.tatoc@69e153c5]" started-at="2018-08-15T11:57:06Z" name="hoverMenu" finished-at="2018-08-15T11:57:10Z" duration-ms="4164" status="PASS">
          <reporter-output>
          </reporter-output>
        </test-method> <!-- hoverMenu -->
        <test-method signature="connectToDB()[pri:2, instance:QAInfo.TaTocAdvance.tatoc@69e153c5]" started-at="2018-08-15T11:57:10Z" name="connectToDB" finished-at="2018-08-15T11:57:46Z" duration-ms="35855" status="PASS">
          <reporter-output>
          </reporter-output>
        </test-method> <!-- connectToDB -->
        <test-method signature="videoPlayer()[pri:3, instance:QAInfo.TaTocAdvance.tatoc@69e153c5]" started-at="2018-08-15T11:57:46Z" name="videoPlayer" finished-at="2018-08-15T11:57:46Z" duration-ms="0" status="PASS">
          <reporter-output>
          </reporter-output>
        </test-method> <!-- videoPlayer -->
        <test-method is-config="true" signature="closeDriver()[pri:0, instance:QAInfo.TaTocAdvance.tatoc@69e153c5]" started-at="2018-08-15T11:57:46Z" name="closeDriver" finished-at="2018-08-15T11:57:46Z" duration-ms="538" status="PASS">
          <reporter-output>
          </reporter-output>
        </test-method> <!-- closeDriver -->
      </class> <!-- QAInfo.TaTocAdvance.tatoc -->
    </test> <!-- IeTest -->
    <test started-at="2018-08-15T11:56:56Z" name="FirefoxTest" finished-at="2018-08-15T11:57:50Z" duration-ms="53443">
      <class name="QAInfo.TaTocAdvance.tatoc">
        <test-method is-config="true" signature="initializeCourse(java.lang.String)[pri:0, instance:QAInfo.TaTocAdvance.tatoc@13e344d]" started-at="2018-08-15T11:56:56Z" name="initializeCourse" finished-at="2018-08-15T11:57:33Z" duration-ms="36576" status="PASS">
          <params>
            <param index="0">
              <value>
                <![CDATA[firefox]]>
              </value>
            </param>
          </params>
          <reporter-output>
          </reporter-output>
        </test-method> <!-- initializeCourse -->
        <test-method signature="hoverMenu()[pri:1, instance:QAInfo.TaTocAdvance.tatoc@13e344d]" started-at="2018-08-15T11:57:33Z" name="hoverMenu" finished-at="2018-08-15T11:57:35Z" duration-ms="1612" status="PASS">
          <reporter-output>
          </reporter-output>
        </test-method> <!-- hoverMenu -->
        <test-method signature="connectToDB()[pri:2, instance:QAInfo.TaTocAdvance.tatoc@13e344d]" started-at="2018-08-15T11:57:35Z" name="connectToDB" finished-at="2018-08-15T11:57:49Z" duration-ms="14028" status="PASS">
          <reporter-output>
          </reporter-output>
        </test-method> <!-- connectToDB -->
        <test-method signature="videoPlayer()[pri:3, instance:QAInfo.TaTocAdvance.tatoc@13e344d]" started-at="2018-08-15T11:57:49Z" name="videoPlayer" finished-at="2018-08-15T11:57:49Z" duration-ms="0" status="PASS">
          <reporter-output>
          </reporter-output>
        </test-method> <!-- videoPlayer -->
        <test-method is-config="true" signature="closeDriver()[pri:0, instance:QAInfo.TaTocAdvance.tatoc@13e344d]" started-at="2018-08-15T11:57:49Z" name="closeDriver" finished-at="2018-08-15T11:57:50Z" duration-ms="1214" status="PASS">
          <reporter-output>
          </reporter-output>
        </test-method> <!-- closeDriver -->
      </class> <!-- QAInfo.TaTocAdvance.tatoc -->
    </test> <!-- FirefoxTest -->
  </suite> <!-- Suite -->
</testng-results>
