<?xml version="1.0" encoding="UTF-8"?>
<!-- Generated by org.testng.reporters.JUnitXMLReporter -->
<testsuite ignored="0" hostname="Lenovo" failures="0" tests="3" name="ChromeTest" time="28.391" errors="0" timestamp="15 Aug 2018 11:57:25 GMT">
  <testcase classname="QAInfo.TaTocAdvance.tatoc" name="hoverMenu" time="1.036"/>
  <testcase classname="QAInfo.TaTocAdvance.tatoc" name="connectToDB" time="6.698"/>
  <testcase classname="QAInfo.TaTocAdvance.tatoc" name="videoPlayer" time="0.001"/>
</testsuite> <!-- ChromeTest -->
