<?xml version="1.0" encoding="UTF-8"?>
<!-- Generated by org.testng.reporters.JUnitXMLReporter -->
<testsuite ignored="0" hostname="Lenovo" failures="0" tests="3" name="FirefoxTest" time="53.443" errors="0" timestamp="15 Aug 2018 11:57:50 GMT">
  <testcase classname="QAInfo.TaTocAdvance.tatoc" name="hoverMenu" time="1.612"/>
  <testcase classname="QAInfo.TaTocAdvance.tatoc" name="connectToDB" time="14.028"/>
  <testcase classname="QAInfo.TaTocAdvance.tatoc" name="videoPlayer" time="0.0"/>
</testsuite> <!-- FirefoxTest -->
