<?xml version="1.0" encoding="UTF-8"?>
<!-- Generated by org.testng.reporters.JUnitXMLReporter -->
<testsuite ignored="0" hostname="Lenovo" failures="0" tests="3" name="IeTest" time="49.689" errors="0" timestamp="15 Aug 2018 11:57:46 GMT">
  <testcase classname="QAInfo.TaTocAdvance.tatoc" name="hoverMenu" time="4.164"/>
  <testcase classname="QAInfo.TaTocAdvance.tatoc" name="connectToDB" time="35.855"/>
  <testcase classname="QAInfo.TaTocAdvance.tatoc" name="videoPlayer" time="0.0"/>
</testsuite> <!-- IeTest -->
